[debug] [2023-09-12T02:45:22.094Z] ----------------------------------------------------------------------
[debug] [2023-09-12T02:45:22.097Z] Command:       C:\Program Files\nodejs\node.exe C:\Program Files\nodejs\node_modules\firebase-tools\lib\bin\firebase.js init
[debug] [2023-09-12T02:45:22.097Z] CLI Version:   12.4.4
[debug] [2023-09-12T02:45:22.098Z] Platform:      win32
[debug] [2023-09-12T02:45:22.098Z] Node Version:  v16.17.1
[debug] [2023-09-12T02:45:22.099Z] Time:          Mon Sep 11 2023 22:45:22 GMT-0400 (Eastern Daylight Time)
[debug] [2023-09-12T02:45:22.100Z] ----------------------------------------------------------------------
[debug] 
[debug] [2023-09-12T02:45:22.112Z] > command requires scopes: ["email","openid","https://www.googleapis.com/auth/cloudplatformprojects.readonly","https://www.googleapis.com/auth/firebase","https://www.googleapis.com/auth/cloud-platform"]
[debug] [2023-09-12T02:45:22.113Z] > authorizing via signed-in user (troyrh6@gmail.com)
[info] 
     ######## #### ########  ######## ########     ###     ######  ########
     ##        ##  ##     ## ##       ##     ##  ##   ##  ##       ##
     ######    ##  ########  ######   ########  #########  ######  ######
     ##        ##  ##    ##  ##       ##     ## ##     ##       ## ##
     ##       #### ##     ## ######## ########  ##     ##  ######  ########

You're about to initialize a Firebase project in this directory:

  C:\Users\troyr\Documents\Projects\SlideWordGame

[info] 
=== Project Setup
[info] 
[info] First, let's associate this project directory with a Firebase project.
[info] You can create multiple project aliases by running firebase use --add, 
[info] but for now we'll just set up a default project.
[info] 
[debug] [2023-09-12T02:45:35.532Z] >>> [apiv2][query] GET https://firebase.googleapis.com/v1beta1/projects pageSize=100
[debug] [2023-09-12T02:45:35.990Z] <<< [apiv2][status] GET https://firebase.googleapis.com/v1beta1/projects 200
[debug] [2023-09-12T02:45:35.990Z] <<< [apiv2][body] GET https://firebase.googleapis.com/v1beta1/projects [omitted]
[info] i  Using project slidewordgame (SlideWordGame) 
[info] 
=== Hosting Setup
[info] 
[info] Your public directory is the folder (relative to your project directory) that
[info] will contain Hosting assets to be uploaded with firebase deploy. If you
[info] have a build process for your assets, use your build's output directory.
[info] 
[debug] [2023-09-12T02:47:17.044Z] ----------------------------------------------------------------------
[debug] [2023-09-12T02:47:17.048Z] Command:       C:\Program Files\nodejs\node.exe C:\Program Files\nodejs\node_modules\firebase-tools\lib\bin\firebase.js init
[debug] [2023-09-12T02:47:17.048Z] CLI Version:   12.4.4
[debug] [2023-09-12T02:47:17.049Z] Platform:      win32
[debug] [2023-09-12T02:47:17.049Z] Node Version:  v16.17.1
[debug] [2023-09-12T02:47:17.051Z] Time:          Mon Sep 11 2023 22:47:17 GMT-0400 (Eastern Daylight Time)
[debug] [2023-09-12T02:47:17.051Z] ----------------------------------------------------------------------
[debug] 
[debug] [2023-09-12T02:47:17.063Z] > command requires scopes: ["email","openid","https://www.googleapis.com/auth/cloudplatformprojects.readonly","https://www.googleapis.com/auth/firebase","https://www.googleapis.com/auth/cloud-platform"]
[debug] [2023-09-12T02:47:17.065Z] > authorizing via signed-in user (troyrh6@gmail.com)
[info] 
     ######## #### ########  ######## ########     ###     ######  ########
     ##        ##  ##     ## ##       ##     ##  ##   ##  ##       ##
     ######    ##  ########  ######   ########  #########  ######  ######
     ##        ##  ##    ##  ##       ##     ## ##     ##       ## ##
     ##       #### ##     ## ######## ########  ##     ##  ######  ########

You're about to initialize a Firebase project in this directory:

  C:\Users\troyr\Documents\Projects\SlideWordGame

[info] 
=== Project Setup
[info] 
[info] First, let's associate this project directory with a Firebase project.
[info] You can create multiple project aliases by running firebase use --add, 
[info] but for now we'll just set up a default project.
[info] 
[debug] [2023-09-12T02:49:04.334Z] >>> [apiv2][query] GET https://firebase.googleapis.com/v1beta1/projects pageSize=100
[debug] [2023-09-12T02:49:05.284Z] <<< [apiv2][status] GET https://firebase.googleapis.com/v1beta1/projects 200
[debug] [2023-09-12T02:49:05.284Z] <<< [apiv2][body] GET https://firebase.googleapis.com/v1beta1/projects [omitted]
[info] i  Using project slidewordgame (SlideWordGame) 
[info] 
=== Hosting Setup
[info] 
[info] Your public directory is the folder (relative to your project directory) that
[info] will contain Hosting assets to be uploaded with firebase deploy. If you
[info] have a build process for your assets, use your build's output directory.
[info] 
